<?xml version="1.0" encoding="UTF-8"?>
<!-- Generated by org.testng.reporters.JUnitXMLReporter -->
<testsuite hostname="Lenovo" ignored="0" name="Default test" tests="12" failures="2" timestamp="2021-04-12T11:11:21 IST" time="0.91" errors="0">
  <testcase name="credentials" time="0.076" classname="com.TestNG_10Am_Batch.My_Test">
    <skipped/>
  </testcase> <!-- credentials -->
  <testcase name="credentials" time="0.014" classname="com.TestNG_10Am_Batch.My_Test">
    <skipped/>
  </testcase> <!-- credentials -->
  <testcase name="credentials" time="0.05" classname="com.TestNG_10Am_Batch.My_Test">
    <skipped/>
  </testcase> <!-- credentials -->
  <testcase name="credentials" time="0.03" classname="com.TestNG_10Am_Batch.My_Test">
    <skipped/>
  </testcase> <!-- credentials -->
  <testcase name="credentials" time="0.015" classname="com.TestNG_10Am_Batch.My_Test">
    <skipped/>
  </testcase> <!-- credentials -->
  <testcase name="credentials" time="0.017" classname="com.TestNG_10Am_Batch.My_Test">
    <failure type="java.lang.AssertionError" message="expected [Starc] but found [Smith]">
      <![CDATA[java.lang.AssertionError: expected [Starc] but found [Smith]
at org.testng.Assert.fail(Assert.java:97)
at org.testng.Assert.assertEqualsImpl(Assert.java:136)
at org.testng.Assert.assertEquals(Assert.java:118)
at org.testng.Assert.assertEquals(Assert.java:575)
at org.testng.Assert.assertEquals(Assert.java:585)
at com.TestNG_10Am_Batch.My_Test.credentials(My_Test.java:15)
at sun.reflect.NativeMethodAccessorImpl.invoke0(Native Method)
at sun.reflect.NativeMethodAccessorImpl.invoke(Unknown Source)
at sun.reflect.DelegatingMethodAccessorImpl.invoke(Unknown Source)
at java.lang.reflect.Method.invoke(Unknown Source)
at org.testng.internal.MethodInvocationHelper.invokeMethod(MethodInvocationHelper.java:133)
at org.testng.internal.TestInvoker.invokeMethod(TestInvoker.java:584)
at org.testng.internal.TestInvoker.retryFailed(TestInvoker.java:204)
at org.testng.internal.MethodRunner.runInSequence(MethodRunner.java:58)
at org.testng.internal.TestInvoker$MethodInvocationAgent.invoke(TestInvoker.java:804)
at org.testng.internal.TestInvoker.invokeTestMethods(TestInvoker.java:145)
at org.testng.internal.TestMethodWorker.invokeTestMethods(TestMethodWorker.java:146)
at org.testng.internal.TestMethodWorker.run(TestMethodWorker.java:128)
at java.util.ArrayList.forEach(Unknown Source)
at org.testng.TestRunner.privateRun(TestRunner.java:770)
at org.testng.TestRunner.run(TestRunner.java:591)
at org.testng.SuiteRunner.runTest(SuiteRunner.java:402)
at org.testng.SuiteRunner.runSequentially(SuiteRunner.java:396)
at org.testng.SuiteRunner.privateRun(SuiteRunner.java:355)
at org.testng.SuiteRunner.run(SuiteRunner.java:304)
at org.testng.SuiteRunnerWorker.runSuite(SuiteRunnerWorker.java:53)
at org.testng.SuiteRunnerWorker.run(SuiteRunnerWorker.java:96)
at org.testng.TestNG.runSuitesSequentially(TestNG.java:1180)
at org.testng.TestNG.runSuitesLocally(TestNG.java:1102)
at org.testng.TestNG.runSuites(TestNG.java:1032)
at org.testng.TestNG.run(TestNG.java:1000)
at org.testng.remote.AbstractRemoteTestNG.run(AbstractRemoteTestNG.java:115)
at org.testng.remote.RemoteTestNG.initAndRun(RemoteTestNG.java:251)
at org.testng.remote.RemoteTestNG.main(RemoteTestNG.java:77)
]]>
    </failure>
  </testcase> <!-- credentials -->
  <testcase name="credentials1" time="0.072" classname="com.TestNG_10Am_Batch.My_Test">
    <skipped/>
  </testcase> <!-- credentials1 -->
  <testcase name="credentials1" time="0.011" classname="com.TestNG_10Am_Batch.My_Test">
    <skipped/>
  </testcase> <!-- credentials1 -->
  <testcase name="credentials1" time="0.005" classname="com.TestNG_10Am_Batch.My_Test">
    <skipped/>
  </testcase> <!-- credentials1 -->
  <testcase name="credentials1" time="0.005" classname="com.TestNG_10Am_Batch.My_Test">
    <skipped/>
  </testcase> <!-- credentials1 -->
  <testcase name="credentials1" time="0.004" classname="com.TestNG_10Am_Batch.My_Test">
    <skipped/>
  </testcase> <!-- credentials1 -->
  <testcase name="credentials1" time="0.011" classname="com.TestNG_10Am_Batch.My_Test">
    <failure type="java.lang.AssertionError" message="expected [Starc123] but found [Smith123]">
      <![CDATA[java.lang.AssertionError: expected [Starc123] but found [Smith123]
at org.testng.Assert.fail(Assert.java:97)
at org.testng.Assert.assertEqualsImpl(Assert.java:136)
at org.testng.Assert.assertEquals(Assert.java:118)
at org.testng.Assert.assertEquals(Assert.java:575)
at org.testng.Assert.assertEquals(Assert.java:585)
at com.TestNG_10Am_Batch.My_Test.credentials1(My_Test.java:26)
at sun.reflect.NativeMethodAccessorImpl.invoke0(Native Method)
at sun.reflect.NativeMethodAccessorImpl.invoke(Unknown Source)
at sun.reflect.DelegatingMethodAccessorImpl.invoke(Unknown Source)
at java.lang.reflect.Method.invoke(Unknown Source)
at org.testng.internal.MethodInvocationHelper.invokeMethod(MethodInvocationHelper.java:133)
at org.testng.internal.TestInvoker.invokeMethod(TestInvoker.java:584)
at org.testng.internal.TestInvoker.retryFailed(TestInvoker.java:204)
at org.testng.internal.MethodRunner.runInSequence(MethodRunner.java:58)
at org.testng.internal.TestInvoker$MethodInvocationAgent.invoke(TestInvoker.java:804)
at org.testng.internal.TestInvoker.invokeTestMethods(TestInvoker.java:145)
at org.testng.internal.TestMethodWorker.invokeTestMethods(TestMethodWorker.java:146)
at org.testng.internal.TestMethodWorker.run(TestMethodWorker.java:128)
at java.util.ArrayList.forEach(Unknown Source)
at org.testng.TestRunner.privateRun(TestRunner.java:770)
at org.testng.TestRunner.run(TestRunner.java:591)
at org.testng.SuiteRunner.runTest(SuiteRunner.java:402)
at org.testng.SuiteRunner.runSequentially(SuiteRunner.java:396)
at org.testng.SuiteRunner.privateRun(SuiteRunner.java:355)
at org.testng.SuiteRunner.run(SuiteRunner.java:304)
at org.testng.SuiteRunnerWorker.runSuite(SuiteRunnerWorker.java:53)
at org.testng.SuiteRunnerWorker.run(SuiteRunnerWorker.java:96)
at org.testng.TestNG.runSuitesSequentially(TestNG.java:1180)
at org.testng.TestNG.runSuitesLocally(TestNG.java:1102)
at org.testng.TestNG.runSuites(TestNG.java:1032)
at org.testng.TestNG.run(TestNG.java:1000)
at org.testng.remote.AbstractRemoteTestNG.run(AbstractRemoteTestNG.java:115)
at org.testng.remote.RemoteTestNG.initAndRun(RemoteTestNG.java:251)
at org.testng.remote.RemoteTestNG.main(RemoteTestNG.java:77)
]]>
    </failure>
  </testcase> <!-- credentials1 -->
</testsuite> <!-- Default test -->
